%!Adobe-FontList 1.19
%Locale:0x407

%BeginFont
Handler:DirectoryHandler
FontType:Invalid
OutlineFileName:C:\xampp\htdocs\hfkasta\wp-content\themes\hfk-asta\assets\Font\gt-haptik\GT-Haptik-Black-Oblique.woff2
FileModTime:1600859753
%EndFont

%BeginFont
Handler:DirectoryHandler
FontType:Invalid
OutlineFileName:C:\xampp\htdocs\hfkasta\wp-content\themes\hfk-asta\assets\Font\gt-haptik\GT-Haptik-Black-Rotalic.woff2
FileModTime:1600859753
%EndFont

%BeginFont
Handler:DirectoryHandler
FontType:Invalid
OutlineFileName:C:\xampp\htdocs\hfkasta\wp-content\themes\hfk-asta\assets\Font\gt-haptik\GT-Haptik-Black.woff2
FileModTime:1600859753
%EndFont

%BeginFont
Handler:DirectoryHandler
FontType:Invalid
OutlineFileName:C:\xampp\htdocs\hfkasta\wp-content\themes\hfk-asta\assets\Font\gt-haptik\GT-Haptik-Bold-Oblique.woff2
FileModTime:1600859753
%EndFont

%BeginFont
Handler:DirectoryHandler
FontType:Invalid
OutlineFileName:C:\xampp\htdocs\hfkasta\wp-content\themes\hfk-asta\assets\Font\gt-haptik\GT-Haptik-Bold-Rotalic.woff2
FileModTime:1600859753
%EndFont

%BeginFont
Handler:DirectoryHandler
FontType:Invalid
OutlineFileName:C:\xampp\htdocs\hfkasta\wp-content\themes\hfk-asta\assets\Font\gt-haptik\GT-Haptik-Bold.woff2
FileModTime:1600859753
%EndFont

%BeginFont
Handler:DirectoryHandler
FontType:Invalid
OutlineFileName:C:\xampp\htdocs\hfkasta\wp-content\themes\hfk-asta\assets\Font\gt-haptik\GT-Haptik-Lazer-Oblique.woff2
FileModTime:1600859753
%EndFont

%BeginFont
Handler:DirectoryHandler
FontType:Invalid
OutlineFileName:C:\xampp\htdocs\hfkasta\wp-content\themes\hfk-asta\assets\Font\gt-haptik\GT-Haptik-Lazer-Rotalic.woff2
FileModTime:1600859753
%EndFont

%BeginFont
Handler:DirectoryHandler
FontType:Invalid
OutlineFileName:C:\xampp\htdocs\hfkasta\wp-content\themes\hfk-asta\assets\Font\gt-haptik\GT-Haptik-Lazer.woff2
FileModTime:1600859753
%EndFont

%BeginFont
Handler:DirectoryHandler
FontType:Invalid
OutlineFileName:C:\xampp\htdocs\hfkasta\wp-content\themes\hfk-asta\assets\Font\gt-haptik\GT-Haptik-Light-Oblique.woff2
FileModTime:1600859753
%EndFont

%BeginFont
Handler:DirectoryHandler
FontType:Invalid
OutlineFileName:C:\xampp\htdocs\hfkasta\wp-content\themes\hfk-asta\assets\Font\gt-haptik\GT-Haptik-Light-Rotalic.woff2
FileModTime:1600859753
%EndFont

%BeginFont
Handler:DirectoryHandler
FontType:Invalid
OutlineFileName:C:\xampp\htdocs\hfkasta\wp-content\themes\hfk-asta\assets\Font\gt-haptik\GT-Haptik-Light.woff2
FileModTime:1600859753
%EndFont

%BeginFont
Handler:DirectoryHandler
FontType:Invalid
OutlineFileName:C:\xampp\htdocs\hfkasta\wp-content\themes\hfk-asta\assets\Font\gt-haptik\GT-Haptik-Medium-Oblique.woff2
FileModTime:1600859753
%EndFont

%BeginFont
Handler:DirectoryHandler
FontType:Invalid
OutlineFileName:C:\xampp\htdocs\hfkasta\wp-content\themes\hfk-asta\assets\Font\gt-haptik\GT-Haptik-Medium-Rotalic.woff2
FileModTime:1600859753
%EndFont

%BeginFont
Handler:DirectoryHandler
FontType:Invalid
OutlineFileName:C:\xampp\htdocs\hfkasta\wp-content\themes\hfk-asta\assets\Font\gt-haptik\GT-Haptik-Medium.woff2
FileModTime:1600859753
%EndFont

%BeginFont
Handler:DirectoryHandler
FontType:Invalid
OutlineFileName:C:\xampp\htdocs\hfkasta\wp-content\themes\hfk-asta\assets\Font\gt-haptik\GT-Haptik-Regular-Oblique.woff2
FileModTime:1600859753
%EndFont

%BeginFont
Handler:DirectoryHandler
FontType:Invalid
OutlineFileName:C:\xampp\htdocs\hfkasta\wp-content\themes\hfk-asta\assets\Font\gt-haptik\GT-Haptik-Regular-Rotalic.woff2
FileModTime:1600859753
%EndFont

%BeginFont
Handler:DirectoryHandler
FontType:Invalid
OutlineFileName:C:\xampp\htdocs\hfkasta\wp-content\themes\hfk-asta\assets\Font\gt-haptik\GT-Haptik-Regular.woff2
FileModTime:1600859753
%EndFont

%BeginFont
Handler:DirectoryHandler
FontType:Invalid
OutlineFileName:C:\xampp\htdocs\hfkasta\wp-content\themes\hfk-asta\assets\Font\gt-haptik\GT-Haptik-Thin-Oblique.woff2
FileModTime:1600859753
%EndFont

%BeginFont
Handler:DirectoryHandler
FontType:Invalid
OutlineFileName:C:\xampp\htdocs\hfkasta\wp-content\themes\hfk-asta\assets\Font\gt-haptik\GT-Haptik-Thin-Rotalic.woff2
FileModTime:1600859753
%EndFont

%BeginFont
Handler:DirectoryHandler
FontType:Invalid
OutlineFileName:C:\xampp\htdocs\hfkasta\wp-content\themes\hfk-asta\assets\Font\gt-haptik\GT-Haptik-Thin.woff2
FileModTime:1600859753
%EndFont

